0 info it worked if it ends with ok
1 verbose cli [ 'node', '/usr/local/bin/npm', 'start' ]
2 info using npm@1.4.7
3 info using node@v0.10.26
4 verbose node symlink /usr/local/bin/node
5 verbose run-script [ 'prestart', 'start', 'poststart' ]
6 info prestart telemed-ivr@0.0.1
7 info start telemed-ivr@0.0.1
8 verbose unsafe-perm in lifecycle true
9 info telemed-ivr@0.0.1 Failed to exec start script
10 error telemed-ivr@0.0.1 start: `node ./bin/www`
10 error Exit status 8
11 error Failed at the telemed-ivr@0.0.1 start script.
11 error This is most likely a problem with the telemed-ivr package,
11 error not with npm itself.
11 error Tell the author that this fails on your system:
11 error     node ./bin/www
11 error You can get their info via:
11 error     npm owner ls telemed-ivr
11 error There is likely additional logging output above.
12 error System Darwin 11.4.2
13 error command "node" "/usr/local/bin/npm" "start"
14 error cwd /Users/t00117009/Desktop/telemed-ivr
15 error node -v v0.10.26
16 error npm -v 1.4.7
17 error code ELIFECYCLE
18 verbose exit [ 1, true ]
